2026-05-13 15:26:06,772 - __main__ - INFO - ============================================================
2026-05-13 15:26:06,772 - __main__ - INFO - 情感分析预测器 - 2026-05-13 15:26:06
2026-05-13 15:26:06,772 - __main__ - INFO - ============================================================
2026-05-13 15:26:06,772 - __main__ - INFO - 模型路径: results/models/best_model.pth
2026-05-13 15:26:06,773 - __main__ - INFO - 词汇表路径: results/vocab.json
2026-05-13 15:26:06,789 - __main__ - INFO - 使用设备: cuda
2026-05-13 15:26:06,789 - __main__ - INFO - 加载词汇表: results/vocab.json
2026-05-13 15:26:06,789 - src.data_preprocessing - INFO - 词汇表已加载: 10,000 个词汇
2026-05-13 15:26:06,789 - __main__ - INFO - 词汇表大小: 10,000
2026-05-13 15:26:06,789 - __main__ - INFO - 加载模型: results/models/best_model.pth
2026-05-13 15:26:06,888 - __main__ - INFO - 成功加载checkpoint
2026-05-13 15:26:06,888 - __main__ - INFO - 从metadata获取模型参数
2026-05-13 15:26:06,888 - __main__ - ERROR - 模型加载失败: 'hidden_size'
Traceback (most recent call last):
  File "c:\Users\ASUS\Downloads\CQCAI\LSTMmovieComment\scripts\predict.py", line 106, in _load_model_compatible
    hidden_size = metadata.get('hidden_size', self.config['model']['hidden_size'])
                                              ~~~~~~~~~~~~~~~~~~~~^^^^^^^^^^^^^^^
KeyError: 'hidden_size'
2026-05-13 15:26:06,888 - __main__ - ERROR - 预测器初始化失败: 无法加载模型: 'hidden_size'
Traceback (most recent call last):
  File "c:\Users\ASUS\Downloads\CQCAI\LSTMmovieComment\scripts\predict.py", line 106, in _load_model_compatible
    hidden_size = metadata.get('hidden_size', self.config['model']['hidden_size'])
                                              ~~~~~~~~~~~~~~~~~~~~^^^^^^^^^^^^^^^
KeyError: 'hidden_size'

During handling of the above exception, another exception occurred:

Traceback (most recent call last):
  File "c:\Users\ASUS\Downloads\CQCAI\LSTMmovieComment\scripts\predict.py", line 400, in main
    predictor = SentimentPredictor(model_path, vocab_path, config)
                ^^^^^^^^^^^^^^^^^^^^^^^^^^^^^^^^^^^^^^^^^^^^^^^^^^
  File "c:\Users\ASUS\Downloads\CQCAI\LSTMmovieComment\scripts\predict.py", line 84, in __init__
    self.model = self._load_model_compatible(model_path)
                 ^^^^^^^^^^^^^^^^^^^^^^^^^^^^^^^^^^^^^^^
  File "c:\Users\ASUS\Downloads\CQCAI\LSTMmovieComment\scripts\predict.py", line 139, in _load_model_compatible
    raise RuntimeError(f"无法加载模型: {str(e)}")
RuntimeError: 无法加载模型: 'hidden_size'
