2026-05-12 21:33:21,411 - __main__ - INFO - ============================================================
2026-05-12 21:33:21,412 - __main__ - INFO - 情感分析模型训练 - 2026-05-12 21:33:21
2026-05-12 21:33:21,412 - __main__ - INFO - ============================================================
2026-05-12 21:33:21,412 - __main__ - INFO - 
1. 准备数据...
2026-05-12 21:33:21,412 - src.dataset - INFO - 加载训练数据: data/imdb_train.csv
2026-05-12 21:33:21,575 - src.dataset - INFO - 加载测试数据: data/imdb_test.csv
2026-05-12 21:33:21,738 - src.dataset - INFO - 训练集大小: 25,000 条
2026-05-12 21:33:21,741 - src.dataset - INFO - 测试集大小: 25,000 条
2026-05-12 21:33:21,741 - __main__ - INFO - 
2. 文本预处理...
2026-05-12 21:33:21,741 - src.dataset - INFO - 使用训练集构建词汇表...
2026-05-12 21:33:21,741 - src.data_preprocessing - INFO - 构建词汇表 (最大词汇数: 10,000)
2026-05-12 21:33:22,460 - src.data_preprocessing - INFO -   已处理 10,000 条文本，当前词汇数: 117,383
2026-05-12 21:33:23,195 - src.data_preprocessing - INFO -   已处理 20,000 条文本，当前词汇数: 180,988
2026-05-12 21:33:23,574 - src.data_preprocessing - INFO - 词汇统计完成！总词汇数: 207,022
2026-05-12 21:33:23,594 - src.data_preprocessing - INFO - 词汇表构建完成！最终词汇数: 10,000
2026-05-12 21:33:23,601 - src.data_preprocessing - INFO - 词汇表已保存到: results/vocab.json
2026-05-12 21:33:23,601 - src.data_preprocessing - INFO - 词汇表大小: 10,000
2026-05-12 21:33:23,601 - __main__ - INFO - 
3. 创建数据集...
2026-05-12 21:33:23,601 - src.dataset - INFO - 创建训练数据集...
2026-05-12 21:33:23,602 - src.dataset - INFO - 创建数据集: 25000 条样本
2026-05-12 21:33:23,602 - src.dataset - INFO - 序列长度: 200
2026-05-12 21:33:23,602 - src.dataset - INFO - 创建测试数据集...
2026-05-12 21:33:23,603 - src.dataset - INFO - 创建数据集: 25000 条样本
2026-05-12 21:33:23,603 - src.dataset - INFO - 序列长度: 200
2026-05-12 21:33:23,639 - src.dataset - INFO - 检测到GPU内存: 8.0 GB
2026-05-12 21:33:23,640 - src.dataset - INFO - 创建数据加载器 (batch size: 16)
2026-05-12 21:33:23,640 - src.dataset - INFO - 训练批次: 1563
2026-05-12 21:33:23,640 - src.dataset - INFO - 测试批次: 1563
2026-05-12 21:33:23,640 - __main__ - INFO - 
4. 初始化模型...
2026-05-12 21:33:23,662 - src.model - INFO - 模型初始化完成
2026-05-12 21:33:23,663 - src.model - INFO -   词汇表大小: 10,000
2026-05-12 21:33:23,663 - src.model - INFO -   嵌入维度: 128
2026-05-12 21:33:23,663 - src.model - INFO -   LSTM隐藏层: 256 (双向)
2026-05-12 21:33:23,663 - src.model - INFO -   总参数量: 2,072,067
2026-05-12 21:33:23,663 - __main__ - INFO - 
5. 开始训练...
2026-05-12 21:33:23,663 - src.trainer - INFO - 使用设备: cuda
2026-05-12 21:33:23,663 - src.trainer - INFO - GPU型号: NVIDIA GeForce RTX 5060
2026-05-12 21:33:23,663 - src.trainer - INFO - GPU内存: 8.0 GB
2026-05-12 21:33:24,604 - src.trainer - INFO - 设置数据集大小: 训练集=25,000条, 测试集=25,000条
2026-05-12 21:33:24,604 - src.trainer - INFO - 开始训练...
2026-05-12 21:34:05,295 - src.trainer - INFO - 模型已保存到: results/models/best_model.pth
2026-05-12 21:34:05,298 - src.trainer - INFO - Epoch 1/10 | Loss: 0.4112 | Val Acc: 83.41% | Time: 40.69s
2026-05-12 21:34:47,087 - src.trainer - INFO - 模型已保存到: results/models/best_model.pth
2026-05-12 21:34:47,088 - src.trainer - INFO - Epoch 2/10 | Loss: 0.2997 | Val Acc: 84.68% | Time: 41.79s
2026-05-12 21:35:28,280 - src.trainer - INFO - 模型已保存到: results/models/best_model.pth
2026-05-12 21:35:28,302 - src.trainer - INFO - 模型已保存到: results/models/final_model.pth
2026-05-12 21:35:28,303 - src.trainer - INFO - 训练完成！
2026-05-12 21:35:28,303 - src.trainer - INFO - 总训练时间: 2.06 分钟 (123.68 秒)
2026-05-12 21:35:28,303 - src.trainer - INFO - 最佳测试准确率: 86.45%
2026-05-12 21:35:28,303 - __main__ - INFO - 
6. 生成报告和可视化...
2026-05-12 21:35:28,303 - src.trainer - INFO - 训练报告已保存到: results/training_report.txt
2026-05-12 21:35:28,942 - src.trainer - INFO - 训练曲线已保存到: results/figures/training_results.png
2026-05-12 21:35:28,943 - __main__ - INFO -    - 模型: results/models/
2026-05-12 21:35:28,943 - __main__ - INFO -    - 词汇表: results/vocab.json
2026-05-12 21:35:28,943 - __main__ - INFO -    - 训练曲线: results/figures/
2026-05-12 21:35:28,943 - __main__ - INFO -    - 训练报告: results/training_report.txt
2026-05-12 21:35:28,943 - __main__ - INFO - ============================================================
