2026-05-12 21:20:38,430 - __main__ - INFO - ============================================================
2026-05-12 21:20:38,430 - __main__ - INFO - 情感分析模型训练 - 2026-05-12 21:20:38
2026-05-12 21:20:38,431 - __main__ - INFO - ============================================================
2026-05-12 21:20:38,432 - __main__ - INFO -    - 训练数据: data/imdb_train.csv
2026-05-12 21:20:38,432 - __main__ - INFO -    - 测试数据: data/imdb_test.csv
2026-05-12 21:20:38,432 - __main__ - INFO -    - 最大词汇量: 10,000
2026-05-12 21:20:38,432 - __main__ - INFO -    - 最大序列长度: 200
2026-05-12 21:20:38,432 - __main__ - INFO -    - 模型维度: embed=128, hidden=256
2026-05-12 21:20:38,432 - __main__ - INFO -    - 训练轮数: 10
2026-05-12 21:20:38,432 - __main__ - INFO -    - Batch size: 32
2026-05-12 21:20:38,432 - __main__ - INFO - ============================================================
2026-05-12 21:20:38,432 - __main__ - INFO - 
1. 准备数据...
2026-05-12 21:20:38,433 - src.dataset - INFO - 加载训练数据: data/imdb_train.csv
2026-05-12 21:20:38,600 - src.dataset - INFO - 加载测试数据: data/imdb_test.csv
2026-05-12 21:20:38,758 - src.dataset - INFO - 训练集大小: 25,000 条
2026-05-12 21:20:38,758 - src.dataset - INFO - 测试集大小: 25,000 条
2026-05-12 21:20:38,760 - __main__ - INFO - 
2. 文本预处理...
2026-05-12 21:20:38,760 - src.dataset - INFO - 使用训练集构建词汇表...
2026-05-12 21:20:38,763 - src.data_preprocessing - INFO - 构建词汇表 (最大词汇数: 10,000)
2026-05-12 21:20:39,495 - src.data_preprocessing - INFO -   已处理 10,000 条文本，当前词汇数: 117,383
2026-05-12 21:20:40,233 - src.data_preprocessing - INFO -   已处理 20,000 条文本，当前词汇数: 180,988
2026-05-12 21:20:40,614 - src.data_preprocessing - INFO - 词汇统计完成！总词汇数: 207,022
2026-05-12 21:20:40,634 - src.data_preprocessing - INFO - 词汇表构建完成！最终词汇数: 10,000
2026-05-12 21:20:40,642 - src.data_preprocessing - INFO - 词汇表已保存到: results/vocab.json
2026-05-12 21:20:40,642 - src.data_preprocessing - INFO - 词汇表大小: 10,000
