2026-05-16 21:53:56,661 - __main__ - INFO - ============================================================
2026-05-16 21:53:56,661 - __main__ - INFO - 情感分析模型训练 - 2026-05-16 21:53:56
2026-05-16 21:53:56,664 - __main__ - INFO - ============================================================
2026-05-16 21:53:56,665 - __main__ - INFO - 
1. 准备数据...
2026-05-16 21:53:56,665 - src.dataset - INFO - 加载训练数据: data/imdb_train.csv
2026-05-16 21:53:56,823 - src.dataset - INFO - 加载测试数据: data/imdb_test.csv
2026-05-16 21:53:56,981 - src.dataset - INFO - 训练集大小: 25,000 条
2026-05-16 21:53:56,982 - src.dataset - INFO - 测试集大小: 25,000 条
2026-05-16 21:53:56,982 - __main__ - INFO - 
2. 文本预处理...
2026-05-16 21:53:56,982 - src.dataset - INFO - 使用训练集构建词汇表...
2026-05-16 21:53:56,983 - src.data_preprocessing - INFO - 构建词汇表 (最大词汇数: 10,000)
2026-05-16 21:53:57,671 - src.data_preprocessing - INFO -   已处理 10,000 条文本，当前词汇数: 117,383
2026-05-16 21:53:58,537 - src.data_preprocessing - INFO -   已处理 20,000 条文本，当前词汇数: 180,988
2026-05-16 21:53:59,206 - src.data_preprocessing - INFO - 词汇统计完成！总词汇数: 207,022
2026-05-16 21:53:59,249 - src.data_preprocessing - INFO - 词汇表构建完成！最终词汇数: 10,000
2026-05-16 21:53:59,264 - src.data_preprocessing - INFO - 词汇表已保存到: results/vocab.json
2026-05-16 21:53:59,264 - src.data_preprocessing - INFO - 词汇表大小: 10,000
2026-05-16 21:53:59,264 - __main__ - INFO - 
3. 创建数据集...
2026-05-16 21:53:59,264 - src.dataset - INFO - 创建训练数据集...
2026-05-16 21:53:59,265 - src.dataset - INFO - 创建数据集: 25000 条样本
2026-05-16 21:53:59,266 - src.dataset - INFO - 序列长度: 200
2026-05-16 21:53:59,266 - src.dataset - INFO - 创建测试数据集...
2026-05-16 21:53:59,267 - src.dataset - INFO - 创建数据集: 25000 条样本
2026-05-16 21:53:59,268 - src.dataset - INFO - 序列长度: 200
2026-05-16 21:53:59,306 - src.dataset - INFO - 检测到GPU内存: 8.0 GB
2026-05-16 21:53:59,306 - src.dataset - INFO - 创建数据加载器 (batch size: 16)
2026-05-16 21:53:59,306 - src.dataset - INFO - 训练批次: 1563
2026-05-16 21:53:59,306 - src.dataset - INFO - 测试批次: 1563
2026-05-16 21:53:59,306 - __main__ - INFO - 
4. 初始化模型...
2026-05-16 21:53:59,343 - src.model - INFO - 模型初始化完成
2026-05-16 21:53:59,343 - src.model - INFO -   词汇表大小: 10,000
2026-05-16 21:53:59,344 - src.model - INFO -   嵌入维度: 128
2026-05-16 21:53:59,344 - src.model - INFO -   LSTM隐藏层: 256 (双向)
2026-05-16 21:53:59,344 - src.model - INFO -   总参数量: 2,072,067
2026-05-16 21:53:59,344 - __main__ - INFO - 
5. 开始训练...
2026-05-16 21:53:59,344 - src.trainer - INFO - 使用设备: cuda
2026-05-16 21:53:59,345 - src.trainer - INFO - GPU型号: NVIDIA GeForce RTX 5060
2026-05-16 21:53:59,345 - src.trainer - INFO - GPU内存: 8.0 GB
2026-05-16 21:54:00,727 - src.trainer - INFO - 设置数据集大小: 训练集=25,000条, 测试集=25,000条
2026-05-16 21:54:00,728 - src.trainer - INFO - 开始训练...
2026-05-16 21:55:13,650 - src.trainer - INFO - 模型已保存到: results/models/best_model.pth
2026-05-16 21:55:13,650 - src.trainer - INFO - Epoch 1/10 | Loss: 0.4165 | Val Acc: 85.72% | Time: 72.92s
2026-05-16 21:56:03,031 - src.trainer - INFO - 模型已保存到: results/models/best_model.pth
2026-05-16 21:56:03,033 - src.trainer - INFO - Epoch 2/10 | Loss: 0.3056 | Val Acc: 86.22% | Time: 49.38s
2026-05-16 21:56:54,548 - src.trainer - INFO - 模型已保存到: results/models/final_model.pth
2026-05-16 21:56:54,549 - src.trainer - INFO - 训练完成！
2026-05-16 21:56:54,549 - src.trainer - INFO - 总训练时间: 2.90 分钟 (173.79 秒)
2026-05-16 21:56:54,549 - src.trainer - INFO - 最佳测试准确率: 86.22%
2026-05-16 21:56:54,549 - __main__ - INFO - 
6. 生成报告和可视化...
2026-05-16 21:56:54,549 - src.trainer - INFO - 训练报告已保存到: results/training_report.txt
2026-05-16 21:56:57,181 - src.trainer - INFO - 训练曲线已保存到: results/figures/training_results.png
2026-05-16 21:56:57,182 - __main__ - INFO -    - 模型: results/models/
2026-05-16 21:56:57,182 - __main__ - INFO -    - 词汇表: results/vocab.json
2026-05-16 21:56:57,182 - __main__ - INFO -    - 训练曲线: results/figures/
2026-05-16 21:56:57,182 - __main__ - INFO -    - 训练报告: results/training_report.txt
2026-05-16 21:56:57,182 - __main__ - INFO - ============================================================
