2026-05-16 22:11:53,200 - __main__ - INFO - ============================================================
2026-05-16 22:11:53,200 - __main__ - INFO - 情感分析模型训练 - 2026-05-16 22:11:53
2026-05-16 22:11:53,200 - __main__ - INFO - ============================================================
2026-05-16 22:11:53,200 - __main__ - INFO - 
1. 准备数据...
2026-05-16 22:11:53,200 - src.dataset - INFO - 加载训练数据: data/imdb_train.csv
2026-05-16 22:11:53,373 - src.dataset - INFO - 加载测试数据: data/imdb_test.csv
2026-05-16 22:11:53,532 - src.dataset - INFO - 训练集大小: 25,000 条
2026-05-16 22:11:53,534 - src.dataset - INFO - 测试集大小: 25,000 条
2026-05-16 22:11:53,534 - __main__ - INFO - 
2. 文本预处理...
2026-05-16 22:11:53,534 - src.dataset - INFO - 使用训练集构建词汇表...
2026-05-16 22:11:53,534 - src.data_preprocessing - INFO - 构建词汇表 (最大词汇数: 10,000)
2026-05-16 22:11:54,216 - src.data_preprocessing - INFO -   已处理 10,000 条文本，当前词汇数: 117,383
2026-05-16 22:11:54,934 - src.data_preprocessing - INFO -   已处理 20,000 条文本，当前词汇数: 180,988
2026-05-16 22:11:55,298 - src.data_preprocessing - INFO - 词汇统计完成！总词汇数: 207,022
2026-05-16 22:11:55,316 - src.data_preprocessing - INFO - 词汇表构建完成！最终词汇数: 10,000
2026-05-16 22:11:55,323 - src.data_preprocessing - INFO - 词汇表已保存到: results/vocab.json
2026-05-16 22:11:55,324 - src.data_preprocessing - INFO - 词汇表大小: 10,000
2026-05-16 22:11:55,324 - __main__ - INFO - 
3. 创建数据集...
2026-05-16 22:11:55,324 - src.dataset - INFO - 创建训练数据集...
2026-05-16 22:11:55,324 - src.dataset - INFO - 创建数据集: 25000 条样本
2026-05-16 22:11:55,324 - src.dataset - INFO - 序列长度: 200
2026-05-16 22:11:55,324 - src.dataset - INFO - 创建测试数据集...
2026-05-16 22:11:55,325 - src.dataset - INFO - 创建数据集: 25000 条样本
2026-05-16 22:11:55,325 - src.dataset - INFO - 序列长度: 200
2026-05-16 22:11:55,351 - src.dataset - INFO - 检测到GPU内存: 8.0 GB
2026-05-16 22:11:55,351 - src.dataset - INFO - 创建数据加载器 (batch size: 16)
2026-05-16 22:11:55,352 - src.dataset - INFO - 训练批次: 1563
2026-05-16 22:11:55,352 - src.dataset - INFO - 测试批次: 1563
2026-05-16 22:11:55,352 - __main__ - INFO - 
4. 初始化模型...
2026-05-16 22:11:55,366 - src.model - INFO - 模型初始化完成
2026-05-16 22:11:55,366 - src.model - INFO -   词汇表大小: 10,000
2026-05-16 22:11:55,367 - src.model - INFO -   嵌入维度: 128
2026-05-16 22:11:55,367 - src.model - INFO -   LSTM隐藏层: 256 (双向)
2026-05-16 22:11:55,367 - src.model - INFO -   总参数量: 2,072,067
2026-05-16 22:11:55,367 - __main__ - INFO - 
5. 开始训练...
2026-05-16 22:11:55,367 - src.trainer - INFO - 使用设备: cuda
2026-05-16 22:11:55,367 - src.trainer - INFO - GPU型号: NVIDIA GeForce RTX 5060
2026-05-16 22:11:55,367 - src.trainer - INFO - GPU内存: 8.0 GB
2026-05-16 22:11:56,090 - src.trainer - INFO - 设置数据集大小: 训练集=25,000条, 测试集=25,000条
2026-05-16 22:11:56,090 - src.trainer - INFO - 开始训练...
2026-05-16 22:13:10,034 - src.trainer - INFO - 模型已保存到: results/models/best_model.pth
2026-05-16 22:13:10,046 - src.trainer - INFO - Epoch 1/10 | Loss: 0.4165 | Train Acc: 81.46% | Val Acc: 85.34% | Time: 73.96s
2026-05-16 22:14:06,167 - src.trainer - INFO - Epoch 2/10 | Loss: 0.3025 | Train Acc: 87.38% | Val Acc: 82.07% | Time: 56.12s
2026-05-16 22:14:45,021 - src.trainer - INFO - 模型已保存到: results/models/best_model.pth
2026-05-16 22:14:45,061 - src.trainer - INFO - 模型已保存到: results/models/final_model.pth
2026-05-16 22:14:45,061 - src.trainer - INFO - ==================================================
2026-05-16 22:14:45,061 - src.trainer - INFO - 训练完成！
2026-05-16 22:14:45,062 - src.trainer - INFO - 总训练时间: 2.82 分钟 (168.95 秒)
2026-05-16 22:14:45,062 - src.trainer - INFO - 最佳验证准确率: 86.07%
2026-05-16 22:14:45,062 - src.trainer - INFO - 最终训练准确率: 89.04%
2026-05-16 22:14:45,062 - src.trainer - INFO - ==================================================
2026-05-16 22:14:45,062 - __main__ - INFO - 
6. 生成报告和可视化...
2026-05-16 22:14:45,062 - src.trainer - INFO - 训练报告已保存到: results/training_report.txt
2026-05-16 22:14:45,475 - src.trainer - INFO - 训练曲线已保存到: results/figures/training_results.png
2026-05-16 22:14:45,475 - __main__ - INFO -    - 模型: results/models/
2026-05-16 22:14:45,475 - __main__ - INFO -    - 词汇表: results/vocab.json
2026-05-16 22:14:45,475 - __main__ - INFO -    - 训练曲线: results/figures/
2026-05-16 22:14:45,475 - __main__ - INFO -    - 训练报告: results/training_report.txt
2026-05-16 22:14:45,475 - __main__ - INFO - ============================================================
